<?xml version="1.0" encoding="UTF-8"?>
<testsuite xmlns:xsi="http://www.w3.org/2001/XMLSchema-instance" xsi:noNamespaceSchemaLocation="https://maven.apache.org/surefire/maven-surefire-plugin/xsd/surefire-test-report-3.0.xsd" version="3.0" name="com.examly.springapp.SpringappApplicationTests" time="3.561" tests="80" errors="0" skipped="0" failures="0">
  <properties>
[...]
</properties>
  <testcase name="Day3_test_Controller_Directory_Exists" classname="com.examly.springapp.SpringappApplicationTests" time="0.124">
    <system-out><![CDATA[06:53:27.289 [main] DEBUG org.springframework.boot.test.context.SpringBootTestContextBootstrapper - Neither @ContextConfiguration nor @ContextHierarchy found for test class [SpringappApplicationTests]: using SpringBootContextLoader
06:53:27.292 [main] DEBUG org.springframework.test.context.support.AbstractContextLoader - Could not detect default resource locations for test class [com.examly.springapp.SpringappApplicationTests]: no resource found for suffixes {-context.xml, Context.groovy}.
06:53:27.292 [main] INFO org.springframework.test.context.support.AnnotationConfigContextLoaderUtils - Could not detect default configuration classes for test class [com.examly.springapp.SpringappApplicationTests]: SpringappApplicationTests does not declare any static, non-private, non-final, nested classes annotated with @Configuration.
06:53:27.318 [main] DEBUG org.springframework.boot.test.context.SpringBootTestContextBootstrapper - Using ContextCustomizers for test class [SpringappApplicationTests]: [ImportsContextCustomizer, ExcludeFilterContextCustomizer, DuplicateJsonObjectContextCustomizer, MockitoContextCustomizer, TestRestTemplateContextCustomizer, DisableObservabilityContextCustomizer, PropertyMappingContextCustomizer, Customizer]
06:53:27.361 [main] DEBUG org.springframework.context.annotation.ClassPathScanningCandidateComponentProvider - Identified candidate component class: file [/home/coder/project/workspace/springapp/target/classes/com/examly/springapp/SpringappApplication.class]
06:53:27.362 [main] INFO org.springframework.boot.test.context.SpringBootTestContextBootstrapper - Found @SpringBootConfiguration com.examly.springapp.SpringappApplication for test class com.examly.springapp.SpringappApplicationTests
06:53:27.423 [main] DEBUG org.springframework.boot.test.context.SpringBootTestContextBootstrapper - Using TestExecutionListeners for test class [SpringappApplicationTests]: [ServletTestExecutionListener, DirtiesContextBeforeModesTestExecutionListener, ApplicationEventsTestExecutionListener, MockitoTestExecutionListener, DependencyInjectionTestExecutionListener, DirtiesContextTestExecutionListener, TransactionalTestExecutionListener, SqlScriptsTestExecutionListener, EventPublishingTestExecutionListener, ResetMocksTestExecutionListener, RestDocsTestExecutionListener, MockRestServiceServerResetTestExecutionListener, MockMvcPrintOnlyOnFailureTestExecutionListener, WebDriverTestExecutionListener, MockWebServiceServerTestExecutionListener]
06:53:27.424 [main] DEBUG org.springframework.test.context.support.AbstractDirtiesContextTestExecutionListener - Before test class: class [SpringappApplicationTests], class annotated with @DirtiesContext [false] with mode [null]

  .   ____          _            __ _ _
 /\\ / ___'_ __ _ _(_)_ __  __ _ \ \ \ \
( ( )\___ | '_ | '_| | '_ \/ _` | \ \ \ \
 \\/  ___)| |_)| | | | | || (_| |  ) ) ) )
  '  |____| .__|_| |_|_| |_\__, | / / / /
 =========|_|==============|___/=/_/_/_/
 :: Spring Boot ::                (v3.0.1)

2025-12-26T06:53:27.621Z  INFO 3540 --- [           main] c.e.springapp.SpringappApplicationTests  : Starting SpringappApplicationTests using Java 17.0.17 with PID 3540 (started by coder in /home/coder/project/workspace/springapp)
2025-12-26T06:53:27.622Z  INFO 3540 --- [           main] c.e.springapp.SpringappApplicationTests  : No active profile set, falling back to 1 default profile: "default"
2025-12-26T06:53:28.029Z  INFO 3540 --- [           main] .s.d.r.c.RepositoryConfigurationDelegate : Bootstrapping Spring Data JPA repositories in DEFAULT mode.
2025-12-26T06:53:28.078Z  INFO 3540 --- [           main] .s.d.r.c.RepositoryConfigurationDelegate : Finished Spring Data repository scanning in 43 ms. Found 5 JPA repository interfaces.
2025-12-26T06:53:28.354Z  INFO 3540 --- [           main] o.hibernate.jpa.internal.util.LogHelper  : HHH000204: Processing PersistenceUnitInfo [name: default]
2025-12-26T06:53:28.382Z  INFO 3540 --- [           main] org.hibernate.Version                    : HHH000412: Hibernate ORM core version 6.1.6.Final
2025-12-26T06:53:28.493Z  WARN 3540 --- [           main] org.hibernate.orm.deprecation            : HHH90000021: Encountered deprecated setting [javax.persistence.sharedCache.mode], use [jakarta.persistence.sharedCache.mode] instead
2025-12-26T06:53:28.597Z  INFO 3540 --- [           main] com.zaxxer.hikari.HikariDataSource       : HikariPool-1 - Starting...
2025-12-26T06:53:28.719Z  INFO 3540 --- [           main] com.zaxxer.hikari.pool.HikariPool        : HikariPool-1 - Added connection com.mysql.cj.jdbc.ConnectionImpl@19eea77c
2025-12-26T06:53:28.721Z  INFO 3540 --- [           main] com.zaxxer.hikari.HikariDataSource       : HikariPool-1 - Start completed.
2025-12-26T06:53:28.732Z  INFO 3540 --- [           main] SQL dialect                              : HHH000400: Using dialect: org.hibernate.dialect.MySQL8Dialect
2025-12-26T06:53:28.733Z  WARN 3540 --- [           main] org.hibernate.orm.deprecation            : HHH90000026: MySQL8Dialect has been deprecated; use org.hibernate.dialect.MySQLDialect instead
Hibernate: alter table booking drop foreign key FKjn3lsroa8t8h7x5sld9b0ru2u
Hibernate: alter table booking drop foreign key FKq83pan5xy2a6rn0qsl9bckqai
Hibernate: alter table payment drop foreign key FKqewrl4xrv9eiad6eab3aoja65
Hibernate: alter table room drop foreign key FKn0ob94w07v5iwboglwhu1crng
Hibernate: drop table if exists booking
Hibernate: drop table if exists guest
Hibernate: drop table if exists payment
Hibernate: drop table if exists room
Hibernate: drop table if exists room_category
Hibernate: create table booking (booking_id bigint not null auto_increment, guest_id bigint, room_id bigint, primary key (booking_id)) engine=InnoDB
Hibernate: create table guest (guest_id bigint not null auto_increment, email varchar(255), name varchar(255), phone varchar(255), primary key (guest_id)) engine=InnoDB
Hibernate: create table payment (payment_id bigint not null auto_increment, amount float(53) not null, payment_method varchar(255), booking_id bigint, primary key (payment_id)) engine=InnoDB
Hibernate: create table room (room_id bigint not null auto_increment, available bit not null, price_per_night float(53) not null, room_number varchar(255), category_id bigint, primary key (room_id)) engine=InnoDB
Hibernate: create table room_category (category_id bigint not null auto_increment, category_name varchar(255), primary key (category_id)) engine=InnoDB
Hibernate: alter table booking add constraint FKjn3lsroa8t8h7x5sld9b0ru2u foreign key (guest_id) references guest (guest_id)
Hibernate: alter table booking add constraint FKq83pan5xy2a6rn0qsl9bckqai foreign key (room_id) references room (room_id)
Hibernate: alter table payment add constraint FKqewrl4xrv9eiad6eab3aoja65 foreign key (booking_id) references booking (booking_id)
Hibernate: alter table room add constraint FKn0ob94w07v5iwboglwhu1crng foreign key (category_id) references room_category (category_id)
2025-12-26T06:53:29.439Z  INFO 3540 --- [           main] o.h.e.t.j.p.i.JtaPlatformInitiator       : HHH000490: Using JtaPlatform implementation: [org.hibernate.engine.transaction.jta.platform.internal.NoJtaPlatform]
2025-12-26T06:53:29.445Z  INFO 3540 --- [           main] j.LocalContainerEntityManagerFactoryBean : Initialized JPA EntityManagerFactory for persistence unit 'default'
2025-12-26T06:53:29.837Z  WARN 3540 --- [           main] JpaBaseConfiguration$JpaWebConfiguration : spring.jpa.open-in-view is enabled by default. Therefore, database queries may be performed during view rendering. Explicitly configure spring.jpa.open-in-view to disable this warning
2025-12-26T06:53:30.047Z  INFO 3540 --- [           main] o.s.b.t.m.w.SpringBootMockServletContext : Initializing Spring TestDispatcherServlet ''
2025-12-26T06:53:30.047Z  INFO 3540 --- [           main] o.s.t.web.servlet.TestDispatcherServlet  : Initializing Servlet ''
2025-12-26T06:53:30.049Z  INFO 3540 --- [           main] o.s.t.web.servlet.TestDispatcherServlet  : Completed initialization in 1 ms
2025-12-26T06:53:30.062Z  INFO 3540 --- [           main] c.e.springapp.SpringappApplicationTests  : Started SpringappApplicationTests in 2.614 seconds (process running for 3.294)
]]></system-out>
  </testcase>
  <testcase name="Day3_test_Model_Directory_Exists" classname="com.examly.springapp.SpringappApplicationTests" time="0.003"/>
  <testcase name="Day3_test_Service_Directory_Exists" classname="com.examly.springapp.SpringappApplicationTests" time="0.002"/>
  <testcase name="Day3_test_Repository_Directory_Exists" classname="com.examly.springapp.SpringappApplicationTests" time="0.003"/>
  <testcase name="Day4_test_RoomCategoryModel_File_Exists" classname="com.examly.springapp.SpringappApplicationTests" time="0.002"/>
  <testcase name="Day4_test_RoomModel_File_Exists" classname="com.examly.springapp.SpringappApplicationTests" time="0.003"/>
  <testcase name="Day4_test_BookingModel_File_Exists" classname="com.examly.springapp.SpringappApplicationTests" time="0.002"/>
  <testcase name="Day4_test_GuestModel_File_Exists" classname="com.examly.springapp.SpringappApplicationTests" time="0.002"/>
  <testcase name="Day4_test_PaymentModel_File_Exists" classname="com.examly.springapp.SpringappApplicationTests" time="0.001"/>
  <testcase name="Day4_test_Room_Has_Entity_Annotation" classname="com.examly.springapp.SpringappApplicationTests" time="0.001"/>
  <testcase name="Day4_test_Room_Has_Id_Annotation_On_Field" classname="com.examly.springapp.SpringappApplicationTests" time="0.001"/>
  <testcase name="Day5_testRoomCategoryRepo_File_Exists" classname="com.examly.springapp.SpringappApplicationTests" time="0.001"/>
  <testcase name="Day5_testRoomRepo_File_Exists" classname="com.examly.springapp.SpringappApplicationTests" time="0.001"/>
  <testcase name="Day5_testGuestRepo_File_Exists" classname="com.examly.springapp.SpringappApplicationTests" time="0.001"/>
  <testcase name="Day5_testBookingRepo_File_Exists" classname="com.examly.springapp.SpringappApplicationTests" time="0.001"/>
  <testcase name="Day5_testPaymentRepo_File_Exists" classname="com.examly.springapp.SpringappApplicationTests" time="0.002"/>
  <testcase name="Day5_test_RoomRepo_Has_Repository_Annotation" classname="com.examly.springapp.SpringappApplicationTests" time="0.002"/>
  <testcase name="Day5_test_RoomCategoryRepo_Has_Repository_Annotation" classname="com.examly.springapp.SpringappApplicationTests" time="0.002"/>
  <testcase name="Day5_test_GuestRepo_Has_Repository_Annotation" classname="com.examly.springapp.SpringappApplicationTests" time="0.002"/>
  <testcase name="Day5_test_BookingRepo_Has_Repository_Annotation" classname="com.examly.springapp.SpringappApplicationTests" time="0.002"/>
  <testcase name="Day5_test_PaymentRepo_Has_Repository_Annotation" classname="com.examly.springapp.SpringappApplicationTests" time="0.002"/>
  <testcase name="Day6_test_RoomCategoryController_File_Exists" classname="com.examly.springapp.SpringappApplicationTests" time="0.001"/>
  <testcase name="Day6_test_RoomController_File_Exists" classname="com.examly.springapp.SpringappApplicationTests" time="0.001"/>
  <testcase name="Day6_test_GuestController_File_Exists" classname="com.examly.springapp.SpringappApplicationTests" time="0.001"/>
  <testcase name="Day6_test_BookingController_File_Exists" classname="com.examly.springapp.SpringappApplicationTests" time="0.002"/>
  <testcase name="Day6_test_PaymentController_File_Exists" classname="com.examly.springapp.SpringappApplicationTests" time="0.002"/>
  <testcase name="Day6_test_RoomCategoryController_Has_RestController_Annotation" classname="com.examly.springapp.SpringappApplicationTests" time="0.002"/>
  <testcase name="Day6_test_RoomController_Has_RestController_Annotation" classname="com.examly.springapp.SpringappApplicationTests" time="0.002"/>
  <testcase name="Day6_test_RoomCategoryController_Has_PostMapping" classname="com.examly.springapp.SpringappApplicationTests" time="0.001"/>
  <testcase name="Day6_test_RoomCategoryController_Has_GetMapping" classname="com.examly.springapp.SpringappApplicationTests" time="0.001"/>
  <testcase name="Day6_test_RoomCategoryController_Has_PutMapping" classname="com.examly.springapp.SpringappApplicationTests" time="0.001"/>
  <testcase name="Day6_test_RoomCategoryController_Has_DeleteMapping" classname="com.examly.springapp.SpringappApplicationTests" time="0.001"/>
  <testcase name="Day6_testCreateCategory_NoBody_StatusBadRequest" classname="com.examly.springapp.SpringappApplicationTests" time="0.046"/>
  <testcase name="Day6_testGetAllCategories_StatusNoContent" classname="com.examly.springapp.SpringappApplicationTests" time="0.076">
    <system-out><![CDATA[Hibernate: select r1_0.category_id,r1_0.category_name from room_category r1_0
]]></system-out>
  </testcase>
  <testcase name="Day6_testGetCategoryById_StatusNotFound" classname="com.examly.springapp.SpringappApplicationTests" time="0.016">
    <system-out><![CDATA[Hibernate: select r1_0.category_id,r1_0.category_name from room_category r1_0 where r1_0.category_id=?
]]></system-out>
  </testcase>
  <testcase name="Day7_test_RoomCategoryController_Has_RequestMapping" classname="com.examly.springapp.SpringappApplicationTests" time="0.002"/>
  <testcase name="Day7_test_RoomCategoryController_Has_PathVariable" classname="com.examly.springapp.SpringappApplicationTests" time="0.001"/>
  <testcase name="Day7_test_RoomController_Has_RequestMapping" classname="com.examly.springapp.SpringappApplicationTests" time="0.001"/>
  <testcase name="Day7_test_BookingController_Has_RequestMapping" classname="com.examly.springapp.SpringappApplicationTests" time="0.001"/>
  <testcase name="Day7_test_RoomController_Has_PathVariable" classname="com.examly.springapp.SpringappApplicationTests" time="0.001"/>
  <testcase name="Day7_test_BookingController_Has_PathVariable" classname="com.examly.springapp.SpringappApplicationTests" time="0.001"/>
  <testcase name="Day7_test_PaymentController_Has_RequestMapping" classname="com.examly.springapp.SpringappApplicationTests" time="0.002"/>
  <testcase name="Day8_test_RoomCategoryService_File_Exists" classname="com.examly.springapp.SpringappApplicationTests" time="0.002"/>
  <testcase name="Day8_test_RoomService_File_Exists" classname="com.examly.springapp.SpringappApplicationTests" time="0.001"/>
  <testcase name="Day8_test_GuestService_File_Exists" classname="com.examly.springapp.SpringappApplicationTests" time="0.001"/>
  <testcase name="Day8_test_BookingService_File_Exists" classname="com.examly.springapp.SpringappApplicationTests" time="0.001"/>
  <testcase name="Day8_test_PaymentService_File_Exists" classname="com.examly.springapp.SpringappApplicationTests" time="0.002"/>
  <testcase name="Day8_test_RoomCategoryServiceImpl_File_Exists" classname="com.examly.springapp.SpringappApplicationTests" time="0.001"/>
  <testcase name="Day8_test_RoomServiceImpl_File_Exists" classname="com.examly.springapp.SpringappApplicationTests" time="0.001"/>
  <testcase name="Day8_test_GuestServiceImpl_File_Exists" classname="com.examly.springapp.SpringappApplicationTests" time="0.001"/>
  <testcase name="Day8_test_BookingServiceImpl_File_Exists" classname="com.examly.springapp.SpringappApplicationTests" time="0.002"/>
  <testcase name="Day8_test_PaymentServiceImpl_File_Exists" classname="com.examly.springapp.SpringappApplicationTests" time="0.002"/>
  <testcase name="Day8_testAddRoomCategory" classname="com.examly.springapp.SpringappApplicationTests" time="0.064">
    <system-out><![CDATA[Hibernate: insert into room_category (category_name) values (?)
]]></system-out>
  </testcase>
  <testcase name="Day8_testGetAllRoomCategories" classname="com.examly.springapp.SpringappApplicationTests" time="0.016">
    <system-out><![CDATA[Hibernate: select r1_0.category_id,r1_0.category_name from room_category r1_0
]]></system-out>
  </testcase>
  <testcase name="Day8_testGetRoomCategoryById" classname="com.examly.springapp.SpringappApplicationTests" time="0.009">
    <system-out><![CDATA[Hibernate: select r1_0.category_id,r1_0.category_name from room_category r1_0 where r1_0.category_id=?
]]></system-out>
  </testcase>
  <testcase name="Day8_testUpdateRoomCategory" classname="com.examly.springapp.SpringappApplicationTests" time="0.018">
    <system-out><![CDATA[Hibernate: select r1_0.category_id,r1_0.category_name from room_category r1_0 where r1_0.category_id=?
Hibernate: update room_category set category_name=? where category_id=?
]]></system-out>
  </testcase>
  <testcase name="Day9_testPagination_PageNumberApplied" classname="com.examly.springapp.SpringappApplicationTests" time="0.011">
    <system-out><![CDATA[Hibernate: select r1_0.category_id,r1_0.category_name from room_category r1_0
]]></system-out>
  </testcase>
  <testcase name="Day9_testPagination_PageSizeApplied" classname="com.examly.springapp.SpringappApplicationTests" time="0.009">
    <system-out><![CDATA[Hibernate: select r1_0.category_id,r1_0.category_name from room_category r1_0
]]></system-out>
  </testcase>
  <testcase name="Day9_testPagination_SortingPresent" classname="com.examly.springapp.SpringappApplicationTests" time="0.007">
    <system-out><![CDATA[Hibernate: select r1_0.category_id,r1_0.category_name from room_category r1_0
]]></system-out>
  </testcase>
  <testcase name="Day9_testPagination_ContentArrayExists" classname="com.examly.springapp.SpringappApplicationTests" time="0.006">
    <system-out><![CDATA[Hibernate: select r1_0.category_id,r1_0.category_name from room_category r1_0
]]></system-out>
  </testcase>
  <testcase name="Day9_testPagination_TotalElementsExists" classname="com.examly.springapp.SpringappApplicationTests" time="0.005">
    <system-out><![CDATA[Hibernate: select r1_0.category_id,r1_0.category_name from room_category r1_0
]]></system-out>
  </testcase>
  <testcase name="Day9_testPagination_TotalPagesExists" classname="com.examly.springapp.SpringappApplicationTests" time="0.004">
    <system-out><![CDATA[Hibernate: select r1_0.category_id,r1_0.category_name from room_category r1_0
]]></system-out>
  </testcase>
  <testcase name="Day10_testAddRoom" classname="com.examly.springapp.SpringappApplicationTests" time="0.02">
    <system-out><![CDATA[Hibernate: select r1_0.category_id,r1_0.category_name from room_category r1_0 where r1_0.category_id=?
Hibernate: insert into room (available, price_per_night, category_id, room_number) values (?, ?, ?, ?)
]]></system-out>
  </testcase>
  <testcase name="Day10_testGetAllRooms" classname="com.examly.springapp.SpringappApplicationTests" time="0.007">
    <system-out><![CDATA[Hibernate: select r1_0.room_id,r1_0.available,r1_0.price_per_night,r1_0.category_id,r1_0.room_number from room r1_0
Hibernate: select r1_0.category_id,r1_0.category_name from room_category r1_0 where r1_0.category_id=?
]]></system-out>
  </testcase>
  <testcase name="Day10_testGetRoomById" classname="com.examly.springapp.SpringappApplicationTests" time="0.006">
    <system-out><![CDATA[Hibernate: select r1_0.room_id,r1_0.available,r1_0.price_per_night,r2_0.category_id,r2_0.category_name,r1_0.room_number from room r1_0 left join room_category r2_0 on r2_0.category_id=r1_0.category_id where r1_0.room_id=?
]]></system-out>
  </testcase>
  <testcase name="Day10_testUpdateRoom" classname="com.examly.springapp.SpringappApplicationTests" time="0.01">
    <system-out><![CDATA[Hibernate: select r1_0.category_id,r1_0.category_name from room_category r1_0 where r1_0.category_id=?
Hibernate: select r1_0.room_id,r1_0.available,r1_0.price_per_night,r2_0.category_id,r2_0.category_name,r1_0.room_number from room r1_0 left join room_category r2_0 on r2_0.category_id=r1_0.category_id where r1_0.room_id=?
Hibernate: update room set available=?, price_per_night=?, category_id=?, room_number=? where room_id=?
]]></system-out>
  </testcase>
  <testcase name="Day10_testAddGuest" classname="com.examly.springapp.SpringappApplicationTests" time="0.006">
    <system-out><![CDATA[Hibernate: insert into guest (email, name, phone) values (?, ?, ?)
]]></system-out>
  </testcase>
  <testcase name="Day10_testGetAllGuests" classname="com.examly.springapp.SpringappApplicationTests" time="0.006">
    <system-out><![CDATA[Hibernate: select g1_0.guest_id,g1_0.email,g1_0.name,g1_0.phone from guest g1_0
]]></system-out>
  </testcase>
  <testcase name="Day10_testGetGuestById" classname="com.examly.springapp.SpringappApplicationTests" time="0.006">
    <system-out><![CDATA[Hibernate: select g1_0.guest_id,g1_0.email,g1_0.name,g1_0.phone from guest g1_0 where g1_0.guest_id=?
]]></system-out>
  </testcase>
  <testcase name="Day10_testUpdateGuest" classname="com.examly.springapp.SpringappApplicationTests" time="0.008">
    <system-out><![CDATA[Hibernate: select g1_0.guest_id,g1_0.email,g1_0.name,g1_0.phone from guest g1_0 where g1_0.guest_id=?
Hibernate: update guest set email=?, name=?, phone=? where guest_id=?
]]></system-out>
  </testcase>
  <testcase name="Day11_testGetGuestsByPhone" classname="com.examly.springapp.SpringappApplicationTests" time="0.023">
    <system-out><![CDATA[Hibernate: select g1_0.guest_id,g1_0.email,g1_0.name,g1_0.phone from guest g1_0 where g1_0.phone=?
]]></system-out>
  </testcase>
  <testcase name="Day12_testGetRoomsByCategoryName" classname="com.examly.springapp.SpringappApplicationTests" time="0.007">
    <system-out><![CDATA[Hibernate: select r1_0.room_id,r1_0.available,r1_0.price_per_night,r1_0.category_id,r1_0.room_number from room r1_0 left join room_category r2_0 on r2_0.category_id=r1_0.category_id where r2_0.category_name=?
Hibernate: select r1_0.category_id,r1_0.category_name from room_category r1_0 where r1_0.category_id=?
]]></system-out>
  </testcase>
  <testcase name="Day12_testGetGuestByEmail" classname="com.examly.springapp.SpringappApplicationTests" time="0.019">
    <system-out><![CDATA[Hibernate: select g1_0.guest_id,g1_0.email,g1_0.name,g1_0.phone from guest g1_0 where g1_0.email=?
]]></system-out>
  </testcase>
  <testcase name="Day12_testGetGuestByPhone_NotFound" classname="com.examly.springapp.SpringappApplicationTests" time="0.006">
    <system-out><![CDATA[Hibernate: select g1_0.guest_id,g1_0.email,g1_0.name,g1_0.phone from guest g1_0 where g1_0.phone=?
]]></system-out>
  </testcase>
  <testcase name="Day12_testGetRoomByNumber" classname="com.examly.springapp.SpringappApplicationTests" time="0.007">
    <system-out><![CDATA[Hibernate: select r1_0.room_id,r1_0.available,r1_0.price_per_night,r1_0.category_id,r1_0.room_number from room r1_0 where r1_0.room_number=?
Hibernate: select r1_0.category_id,r1_0.category_name from room_category r1_0 where r1_0.category_id=?
]]></system-out>
  </testcase>
  <testcase name="Day12_testGetRoomByNumber_NotFound" classname="com.examly.springapp.SpringappApplicationTests" time="0.004">
    <system-out><![CDATA[Hibernate: select r1_0.room_id,r1_0.available,r1_0.price_per_night,r1_0.category_id,r1_0.room_number from room r1_0 where r1_0.room_number=?
]]></system-out>
  </testcase>
  <testcase name="Day13_test_execption_Directory_Exists" classname="com.examly.springapp.SpringappApplicationTests" time="0.001"/>
  <testcase name="Day13_test_GloabalEception_File_Exists" classname="com.examly.springapp.SpringappApplicationTests" time="0.001"/>
  <testcase name="Day14_test_configuartion_Directory_Exists" classname="com.examly.springapp.SpringappApplicationTests" time="0.001"/>
  <testcase name="Day15_testAOPLogFileExists" classname="com.examly.springapp.SpringappApplicationTests" time="0.001"/>
</testsuite>